<?xml version="1.0" encoding="UTF-8"?>
<testng-results skipped="0" failed="0" total="1" passed="1">
  <reporter-output>
  </reporter-output>
  <suite name="Default suite" duration-ms="21307" started-at="2017-06-26T10:43:26Z" finished-at="2017-06-26T10:43:47Z">
    <groups>
    </groups>
    <test name="Default test" duration-ms="21307" started-at="2017-06-26T10:43:26Z" finished-at="2017-06-26T10:43:47Z">
      <class name="liveroom.Liveroom">
        <test-method status="PASS" signature="setUp()[pri:0, instance:liveroom.Liveroom@343f4d3d]" name="setUp" is-config="true" duration-ms="37060" started-at="2017-06-26T18:42:49Z" finished-at="2017-06-26T18:43:26Z">
          <reporter-output>
          </reporter-output>
        </test-method> <!-- setUp -->
        <test-method status="PASS" signature="inOutRoom()[pri:0, instance:liveroom.Liveroom@343f4d3d]" name="inOutRoom" duration-ms="21280" started-at="2017-06-26T18:43:26Z" finished-at="2017-06-26T18:43:47Z">
          <reporter-output>
          </reporter-output>
        </test-method> <!-- inOutRoom -->
        <test-method status="PASS" signature="tearDown()[pri:0, instance:liveroom.Liveroom@343f4d3d]" name="tearDown" is-config="true" duration-ms="0" started-at="2017-06-26T18:43:47Z" finished-at="2017-06-26T18:43:47Z">
          <reporter-output>
          </reporter-output>
        </test-method> <!-- tearDown -->
      </class> <!-- liveroom.Liveroom -->
    </test> <!-- Default test -->
  </suite> <!-- Default suite -->
</testng-results>
